2024-11-13 09:45:01,085 - worker.tasks - DEBUG - Performing addition: 10 + 20
2024-11-13 09:45:06,091 - worker.tasks - DEBUG - Performing subtraction: 50 - 30
2024-11-13 09:45:11,100 - worker.tasks - DEBUG - Performing multiplication: 7 * 8
2024-11-13 09:45:13,133 - worker.tasks - DEBUG - Performing addition: 15 + 25
2024-11-13 09:45:18,140 - worker.tasks - DEBUG - Performing subtraction: 60 - 40
2024-11-13 09:45:23,153 - worker.tasks - DEBUG - Performing multiplication: 12 * 4
2024-11-13 09:45:25,166 - worker.tasks - DEBUG - Performing addition: 22 + 18
2024-11-13 09:45:30,172 - worker.tasks - DEBUG - Performing subtraction: 80 - 50
2024-11-13 09:45:35,179 - worker.tasks - DEBUG - Performing multiplication: 5 * 9
2024-11-13 09:45:37,186 - worker.tasks - DEBUG - Performing addition: 100 + 200
2024-11-13 09:45:44,226 - worker.tasks - DEBUG - Performing subtraction: 40 - 25
2024-11-13 09:45:49,254 - worker.tasks - DEBUG - Performing multiplication: 13 * 3
2024-11-13 09:45:51,259 - worker.tasks - DEBUG - Performing addition: 3 + 7
2024-11-13 09:45:56,266 - worker.tasks - DEBUG - Performing subtraction: 90 - 10
2024-11-13 09:46:01,272 - worker.tasks - DEBUG - Performing multiplication: 15 * 15
2024-11-13 09:46:03,307 - worker.tasks - DEBUG - Performing addition: 10 + 5
2024-11-13 09:46:08,329 - worker.tasks - DEBUG - Performing subtraction: 70 - 30
h result: 20
2024-11-13 09:45:11,095 - worker.worker - INFO - Processing task: 3e2f063c-0049-4766-ad65-69d4af6eb761
2024-11-13 09:45:11,100 - worker.worker - INFO - Executing task 3e2f063c-0049-4766-ad65-69d4af6eb761 of type multiply with arguments {'a': 7, 'b': 8}.
2024-11-13 09:45:13,101 - worker.worker - INFO - Task 3e2f063c-0049-4766-ad65-69d4af6eb761 completed with result: 56
2024-11-13 09:45:13,112 - worker.worker - INFO - Processing task: ff23569d-9539-4e2a-962e-39d14707f46f
2024-11-13 09:45:13,132 - worker.worker - INFO - Executing task ff23569d-9539-4e2a-962e-39d14707f46f of type add with arguments {'a': 15, 'b': 25}.
2024-11-13 09:45:18,135 - worker.worker - INFO - Task ff23569d-9539-4e2a-962e-39d14707f46f completed with result: 40
2024-11-13 09:45:18,137 - worker.worker - INFO - Processing task: b8c2b6e4-4a7d-4549-af85-8e65c3e95572
2024-11-13 09:45:18,140 - worker.worker - INFO - Executing task b8c2b6e4-4a7d-4549-af85-8e65c3e95572 of type subtract with arguments {'a': 60, 'b': 40}.
2024-11-13 09:45:23,141 - worker.worker - INFO - Task b8c2b6e4-4a7d-4549-af85-8e65c3e95572 completed with result: 20
2024-11-13 09:45:23,144 - worker.worker - INFO - Processing task: df14a2ca-3f17-4cae-2024-11-13 09:45:42,191 - broker.broker - DEBUG - Attempting to consume tasks from Kafka topic: task_queue
2024-11-13 09:45:42,194 - broker.broker - DEBUG - Received message from Kafka: {'task_id': 'f7b01e52-d614-4a9c-8e61-224849f9836b', 'task_type': 'subtract', 'args': {'a': 40, 'b': 25}}
2024-11-13 09:45:42,194 - broker.broker - DEBUG - Received message from Kafka: {'task_id': '3291463b-f1b4-4c4a-a633-82694601f353', 'task_type': 'multiply', 'args': {'a': 13, 'b': 3}}
2024-11-13 09:45:42,195 - broker.broker - DEBUG - Received message from Kafka: {'task_id': '922dd5a3-4d4f-4395-80bc-c953010d0c5f', 'task_type': 'add', 'args': {'a': 3, 'b': 7}}
2024-11-13 09:45:42,195 - broker.broker - DEBUG - Received message from Kafka: {'task_id': '78cb47df-8ddd-41ca-946e-2d23a671b13d', 'task_type': 'subtract', 'args': {'a': 90, 'b': 10}}
2024-11-13 09:45:42,195 - broker.broker - DEBUG - Received message from Kafka: {'task_id': 'c8c2a618-cb0f-4ace-a869-31e8d9896d4e', 'task_type': 'multiply', 'args': {'a': 15, 'b': 15}}
2024-11-13 09:45:42,195 - broker.broker - DEBUG - Received message from Kafka: {'task_id': '2f06062e-4789-4e7b-a1fe-12134710ac6c', 'task_type': 'add', 'args': {'a': 10, 'b': 5}}
2024-11-13 09:45:42,195 - broker.broker - DEBUG - Received message from Kafka: {'task_id': '75d7b502-4e3a-4d07-b767-17a1d4871ad8', 'task_type': 'subtract', 'args': {'a': 70, 'b': 30}}
2024-11-13 09:45:44,223 - broker.broker - DEBUG - Time elapsed is 2.03 seconds, returning 7 tasks.
2024-11-13 09:46:13,335 - broker.broker - DEBUG - Attempting to consume tasks from Kafka topic: task_queue
2024-11-13 09:46:15,421 - broker.broker - DEBUG - Time elapsed is 2.09 seconds, returning 0 tasks.
2024-11-13 09:46:16,425 - broker.broker - DEBUG - Attempting to consume tasks from Kafka topic: task_queue
2024-11-13 09:46:18,521 - broker.broker - DEBUG - Time elapsed is 2.10 seconds, returning 0 tasks.
2024-11-13 09:46:19,523 - broker.broker - DEBUG - Attempting to consume tasks from Kafka topic: task_queue
2024-11-13 09:46:21,567 - broker.broker - DEBUG - Time elapsed is 2.04 seconds, returning 0 tasks.
2024-11-13 09:46:22,569 - broker.broker - DEBUG - Attempting to consume tasks from Kafka topic: task_queue
2024-11-13 09:46:24,598 - broker.broker - DEBUG - Time elapsed is 2.03 seconds, returning 0 tasks.
2024-11-13 09:46:25,600 - broker.broker - DEBUG - Attempting to consume tasks from Kafka topic: task_queue
2024-11-13 09:46:27,637 - broker.broker - DEBUG - Time elapsed is 2.04 seconds, returning 0 tasks.
2024-11-13 09:46:28,640 - broker.broker - DEBUG - Attempting to consume tasks from Kafka topic: task_queue
2024-11-13 09:46:30,680 - broker.broker - DEBUG - Time elapsed is 2.04 seconds, returning 0 tasks.
2024-11-13 09:46:31,684 - broker.broker - DEBUG - Attempting to consume tasks from Kafka topic: task_queue
2024-11-13 09:46:33,712 - broker.broker - DEBUG - Time elapsed is 2.03 seconds, returning 0 tasks.
2024-11-13 09:46:34,716 - broker.broker - DEBUG - Attempting to consume tasks from Kafka topic: task_queue
2024-11-13 09:46:36,766 - broker.broker - DEBUG - Time elapsed is 2.05 seconds, returning 0 tasks.
2024-11-13 09:46:37,769 - broker.broker - DEBUG - Attempting to consume tasks from Kafka topic: task_queue
:01,269 - worker.worker - INFO - Task 78cb47df-8ddd-41ca-946e-2d23a671b13d completed with result: 80
2024-11-13 09:46:01,271 - worker.worker - INFO - Processing task: c8c2a618-cb0f-4ace-a869-31e8d9896d4e
2024-11-13 09:46:01,272 - worker.worker - INFO - Executing task c8c2a618-cb0f-4ace-a869-31e8d9896d4e of type multiply with arguments {'a': 15, 'b': 15}.
2024-11-13 09:46:03,297 - worker.worker - INFO - Task c8c2a618-cb0f-4ace-a869-31e8d9896d4e completed with result: 225
2024-11-13 09:46:03,301 - worker.worker - INFO - Processing task: 2f06062e-4789-4e7b-a1fe-12134710ac6c
2024-11-13 09:46:03,305 - worker.worker - INFO - Executing task 2f06062e-4789-4e7b-a1fe-12134710ac6c of type add with arguments {'a': 10, 'b': 5}.
2024-11-13 09:46:08,308 - worker.worker - INFO - Task 2f06062e-4789-4e7b-a1fe-12134710ac6c completed with result: 15
2024-11-13 09:46:08,327 - worker.worker - INFO - Processing task: 75d7b502-4e3a-4d07-b767-17a1d4871ad8
2024-11-13 09:46:08,329 - worker.worker - INFO - Executing task 75d7b502-4e3a-4d07-b767-17a1d4871ad8 of type subtract with arguments {'a': 70, 'b': 30}.
2024-11-13 09:46:13,332 - worker.worker - INFO - Task 75d7b502-4e3a-4d07-b767-17a1d4871ad8 completed with result: 40
2024-11-13 09:46:13,335 - worker.worker - DEBUG - Polling for tasks from Kafka...
2024-11-13 09:46:15,422 - worker.worker - DEBUG - No tasks found in the queue.
2024-11-13 09:46:16,424 - worker.worker - DEBUG - Polling for tasks from Kafka...
2024-11-13 09:46:18,521 - worker.worker - DEBUG - No tasks found in the queue.
2024-11-13 09:46:19,522 - worker.worker - DEBUG - Polling for tasks from Kafka...
2024-11-13 09:46:21,567 - worker.worker - DEBUG - No tasks found in the queue.
2024-11-13 09:46:22,569 - worker.worker - DEBUG - Polling for tasks from Kafka...
2024-11-13 09:46:24,598 - worker.worker - DEBUG - No tasks found in the queue.
2024-11-13 09:46:25,600 - worker.worker - DEBUG - Polling for tasks from Kafka...
2024-11-13 09:46:27,638 - worker.worker - DEBUG - No tasks found in the queue.
2024-11-13 09:46:28,639 - worker.worker - DEBUG - Polling for tasks from Kafka...
2024-11-13 09:46:30,681 - worker.worker - DEBUG - No tasks found in the queue.
2024-11-13 09:46:31,683 - worker.worker - DEBUG - Polling for tasks from Kafka...
2024-11-13 09:46:33,713 - worker.worker - DEBUG - No tasks found in the queue.
2024-11-13 09:46:34,714 - worker.worker - DEBUG - Polling for tasks from Kafka...
2024-11-13 09:46:36,767 - worker.worker - DEBUG - No tasks found in the queue.
2024-11-13 09:46:37,769 - worker.worker - DEBUG - Polling for tasks from Kafka...
e for b4f0d36f-cae4-4718-bfe0-b0b22dad8cbf: <class 'dict'>
2024-11-13 09:45:35,179 - result_backend.redis_backend - INFO - Task b4f0d36f-cae4-4718-bfe0-b0b22dad8cbf status successfully updated to executing.
2024-11-13 09:45:37,181 - result_backend.redis_backend - INFO - Storing result for task b4f0d36f-cae4-4718-bfe0-b0b22dad8cbf with status completed
2024-11-13 09:45:37,183 - result_backend.redis_backend - INFO - Task b4f0d36f-cae4-4718-bfe0-b0b22dad8cbf result successfully stored with status completed.
2024-11-13 09:45:37,184 - result_backend.redis_backend - INFO - Updating status for task b9aecd71-adc0-4fcd-8a1e-4ec9250aa85f to executing
2024-11-13 09:45:37,184 - result_backend.redis_backend - INFO - Fetching result for task b9aecd71-adc0-4fcd-8a1e-4ec9250aa85f
2024-11-13 09:45:37,185 - result_backend.redis_backend - INFO - Result for task b9aecd71-adc0-4fcd-8a1e-4ec9250aa85f found.
2024-11-13 09:45:37,185 - result_backend.redis_backend - DEBUG - Task data type for b9aecd71-adc0-4fcd-8a1e-4ec9250aa85f: <class 'dict'>
2024-11-13 09:45:37,185 - result_backend.redis_backend - INFO - Task b9aecd71-adc0-4fcd-8a1e-4ec9250aa85f status successfully updated to executing.
2024-11-13 09:45:42,189 - result_backend.redis_backend - INFO - Storing result for task b9aecd71-adc0-4fcd-8a1e-4ec9250aa85f with status completed
2024-11-13 09:45:42,190 - result_backend.redis_backend - INFO - Task b9aecd71-adc0-4fcd-8a1e-4ec9250aa85f result successfully stored with status completed.
2024-11-13 09:45:44,223 - result_backend.redis_backend - INFO - Updating status for task f7b01e52-d614-4a9c-8e61-224849f9836b to executing
2024-11-13 09:45:44,223 - result_backend.redis_backend - INFO - Fetching result for task f7b01e52-d614-4a9c-8e61-224849f9836b
2024-11-13 09:45:44,225 - result_backend.redis_backend - INFO - Result for task f7b01e52-d614-4a9c-8e61-224849f9836b found.
2024-11-13 09:45:44,225 - result_backend.redis_backend - DEBUG - Task data type for f7b01e52-d614-4a9c-8e61-224849f9836b: <class 'dict'>
2024-11-13 09:45:44,226 - result_backend.redis_backend - INFO - Task f7b01e52-d614-4a9c-8e61-224849f9836b status successfully updated to executing.
2024-11-13 09:45:49,229 - result_backend.redis_backend - INFO - Storing result for task f7b01e52-d614-4a9c-8e61-224849f9836b with status completed
2024-11-13 09:45:49,231 - result_backend.redis_backend - INFO - Task f7b01e52-d614-4a9c-8e61-224849f9836b result successfully stored with status completed.
2024-11-13 09:45:49,231 - result_backend.redis_backend - INFO - Updating status for task 3291463b-f1b4-4c4a-a633-82694601f353 to executing
2024-11-13 09:45:49,231 - result_backend.redis_backend - INFO - Fetching result for task 3291463b-f1b4-4c4a-a633-82694601f353
2024-11-13 09:45:49,253 - result_backend.redis_backend - INFO - Result for task 3291463b-f1b4-4c4a-a633-82694601f353 found.
2024-11-13 09:45:49,253 - result_backend.redis_backend - DEBUG - Task data type for 3291463b-f1b4-4c4a-a633-82694601f353: <class 'dict'>
2024-11-13 09:45:49,254 - result_backend.redis_backend - INFO - Task 3291463b-f1b4-4c4a-a633-82694601f353 status successfully updated to executing.
2024-11-13 09:45:51,256 - result_backend.redis_backend - INFO - Storing result for task 3291463b-f1b4-4c4a-a633-82694601f353 with status completed
2024-11-13 09:45:51,258 - result_backend.redis_backend - INFO - Task 3291463b-f1b4-4c4a-a633-82694601f353 result successfully stored with status completed.
2024-11-13 09:45:51,258 - result_backend.redis_backend - INFO - Updating status for task 922dd5a3-4d4f-4395-80bc-c953010d0c5f to executing
2024-11-13 09:45:51,258 - result_backend.redis_backend - INFO - Fetching result for task 922dd5a3-4d4f-4395-80bc-c953010d0c5f
2024-11-13 09:45:51,258 - result_backend.redis_backend - INFO - Result for task 922dd5a3-4d4f-4395-80bc-c953010d0c5f found.
2024-11-13 09:45:51,259 - result_backend.redis_backend - DEBUG - Task data type for 922dd5a3-4d4f-4395-80bc-c953010d0c5f: <class 'dict'>
2024-11-13 09:45:51,259 - result_backend.redis_backend - INFO - Task 922dd5a3-4d4f-4395-80bc-c953010d0c5f status successfully updated to executing.
2024-11-13 09:45:56,260 - result_backend.redis_backend - INFO - Storing result for task 922dd5a3-4d4f-4395-80bc-c953010d0c5f with status completed
2024-11-13 09:45:56,261 - result_backend.redis_backend - INFO - Task 922dd5a3-4d4f-4395-80bc-c953010d0c5f result successfully stored with status completed.
2024-11-13 09:45:56,263 - result_backend.redis_backend - INFO - Updating status for task 78cb47df-8ddd-41ca-946e-2d23a671b13d to executing
2024-11-13 09:45:56,263 - result_backend.redis_backend - INFO - Fetching result for task 78cb47df-8ddd-41ca-946e-2d23a671b13d
2024-11-13 09:45:56,264 - result_backend.redis_backend - INFO - Result for task 78cb47df-8ddd-41ca-946e-2d23a671b13d found.
2024-11-13 09:45:56,265 - result_backend.redis_backend - DEBUG - Task data type for 78cb47df-8ddd-41ca-946e-2d23a671b13d: <class 'dict'>
2024-11-13 09:45:56,266 - result_backend.redis_backend - INFO - Task 78cb47df-8ddd-41ca-946e-2d23a671b13d status successfully updated to executing.
2024-11-13 09:46:01,270 - result_backend.redis_backend - INFO - Storing result for task 78cb47df-8ddd-41ca-946e-2d23a671b13d with status completed
2024-11-13 09:46:01,270 - result_backend.redis_backend - INFO - Task 78cb47df-8ddd-41ca-946e-2d23a671b13d result successfully stored with status completed.
2024-11-13 09:46:01,271 - result_backend.redis_backend - INFO - Updating status for task c8c2a618-cb0f-4ace-a869-31e8d9896d4e to executing
2024-11-13 09:46:01,271 - result_backend.redis_backend - INFO - Fetching result for task c8c2a618-cb0f-4ace-a869-31e8d9896d4e
2024-11-13 09:46:01,271 - result_backend.redis_backend - INFO - Result for task c8c2a618-cb0f-4ace-a869-31e8d9896d4e found.
2024-11-13 09:46:01,271 - result_backend.redis_backend - DEBUG - Task data type for c8c2a618-cb0f-4ace-a869-31e8d9896d4e: <class 'dict'>
2024-11-13 09:46:01,271 - result_backend.redis_backend - INFO - Task c8c2a618-cb0f-4ace-a869-31e8d9896d4e status successfully updated to executing.
2024-11-13 09:46:03,298 - result_backend.redis_backend - INFO - Storing result for task c8c2a618-cb0f-4ace-a869-31e8d9896d4e with status completed
2024-11-13 09:46:03,300 - result_backend.redis_backend - INFO - Task c8c2a618-cb0f-4ace-a869-31e8d9896d4e result successfully stored with status completed.
2024-11-13 09:46:03,302 - result_backend.redis_backend - INFO - Updating status for task 2f06062e-4789-4e7b-a1fe-12134710ac6c to executing
2024-11-13 09:46:03,303 - result_backend.redis_backend - INFO - Fetching result for task 2f06062e-4789-4e7b-a1fe-12134710ac6c
2024-11-13 09:46:03,303 - result_backend.redis_backend - INFO - Result for task 2f06062e-4789-4e7b-a1fe-12134710ac6c found.
2024-11-13 09:46:03,304 - result_backend.redis_backend - DEBUG - Task data type for 2f06062e-4789-4e7b-a1fe-12134710ac6c: <class 'dict'>
2024-11-13 09:46:03,305 - result_backend.redis_backend - INFO - Task 2f06062e-4789-4e7b-a1fe-12134710ac6c status successfully updated to executing.
2024-11-13 09:46:08,309 - result_backend.redis_backend - INFO - Storing result for task 2f06062e-4789-4e7b-a1fe-12134710ac6c with status completed
2024-11-13 09:46:08,326 - result_backend.redis_backend - INFO - Task 2f06062e-4789-4e7b-a1fe-12134710ac6c result successfully stored with status completed.
2024-11-13 09:46:08,327 - result_backend.redis_backend - INFO - Updating status for task 75d7b502-4e3a-4d07-b767-17a1d4871ad8 to executing
2024-11-13 09:46:08,327 - result_backend.redis_backend - INFO - Fetching result for task 75d7b502-4e3a-4d07-b767-17a1d4871ad8
2024-11-13 09:46:08,328 - result_backend.redis_backend - INFO - Result for task 75d7b502-4e3a-4d07-b767-17a1d4871ad8 found.
2024-11-13 09:46:08,328 - result_backend.redis_backend - DEBUG - Task data type for 75d7b502-4e3a-4d07-b767-17a1d4871ad8: <class 'dict'>
2024-11-13 09:46:08,329 - result_backend.redis_backend - INFO - Task 75d7b502-4e3a-4d07-b767-17a1d4871ad8 status successfully updated to executing.
2024-11-13 09:46:13,333 - result_backend.redis_backend - INFO - Storing result for task 75d7b502-4e3a-4d07-b767-17a1d4871ad8 with status completed
2024-11-13 09:46:13,334 - result_backend.redis_backend - INFO - Task 75d7b502-4e3a-4d07-b767-17a1d4871ad8 result successfully stored with status completed.
O - Fetching result for task 82ce0aa2-61ed-44b6-8347-f44334a4c2bc
2024-11-13 09:45:01,470 - result_backend.redis_backend - INFO - Result for task 82ce0aa2-61ed-44b6-8347-f44334a4c2bc found.
2024-11-13 09:45:01,470 - result_backend.redis_backend - INFO - Fetching result for task 75d7b502-4e3a-4d07-b767-17a1d4871ad8
2024-11-13 09:45:01,470 - result_backend.redis_backend - INFO - Result for task 75d7b502-4e3a-4d07-b767-17a1d4871ad8 found.
2024-11-13 09:45:01,471 - result_backend.redis_backend - INFO - Fetching result for task 3e2f063c-0049-4766-ad65-69d4af6eb761
2024-11-13 09:45:01,471 - result_backend.redis_backend - INFO - Result for task 3e2f063c-0049-4766-ad65-69d4af6eb761 found.
2024-11-13 09:45:01,471 - result_backend.redis_backend - INFO - Fetching result for task ddf8d649-c21b-4560-8fed-9d869ad039e8
2024-11-13 09:45:01,471 - result_backend.redis_backend - INFO - Result for task ddf8d649-c21b-4560-8fed-9d869ad039e8 found.
2024-11-13 09:45:01,471 - result_backend.redis_backend - INFO - Fetching result for task 2f06062e-4789-4e7b-a1fe-12134710ac6c
2024-11-13 09:45:01,471 - result_backend.redis_backend - INFO - Result for task 2f06062e-4789-4e7b-a1fe-12134710ac6c found.
